No match: |I met Fred Flintstone at the quarry.|
No match: |FRED FLINTSTONE!!!!|
No match: |Barney Rubble and Mr. Slate were there too|
No match: |Alfred Hitchcock is my favourite director.|
No match: |right said fred, both of us together|
No match: |refried infrared inferred |
Matched: |frederick q. fontesnue,  <a>.k.a lord snebworth|
  $1 is 'a'
No match: |do you play WoW?	 |
Matched: |I got <a> BSoD last time I played it|
  $1 is 'a'
No match: |and then it crashed my iPhone|
No match: |I prefer D&D|
No match: |Χόβερκραφτ μου είναι γεμάτο χέλια|
Matched: |fred and <wilma> flintstone|
  $1 is 'wilma'
Matched: |<Wilma>'s birth name was Wilma Slaghoople   |
  $1 is 'Wilma'
Matched: |<Wilma> and Fred went to get a Brontosaurus Burger|
  $1 is 'Wilma'
Matched: |<wilma>|
  $1 is 'wilma'
No match: |barney|
Matched: |Mrs. <Wilma> Flintstone|
  $1 is 'Wilma'
Matched: |<wilma>&fred|
  $1 is 'wilma'
